2017-07-28 10:34:27.861  INFO 8416 --- [restartedMain] com.yidatec.CrmApplication               : Starting CrmApplication on DESKTOP-UUDR3F4 with PID 8416 (E:\WorkSpace\crm\target\classes started by neotd in E:\WorkSpace\crm)
2017-07-28 10:34:27.863  INFO 8416 --- [restartedMain] com.yidatec.CrmApplication               : No active profile set, falling back to default profiles: default
2017-07-28 10:34:28.200  INFO 8416 --- [restartedMain] ationConfigEmbeddedWebApplicationContext : Refreshing org.springframework.boot.context.embedded.AnnotationConfigEmbeddedWebApplicationContext@7cb4d3: startup date [Fri Jul 28 10:34:28 CST 2017]; root of context hierarchy
2017-07-28 10:34:29.322  INFO 8416 --- [restartedMain] o.s.b.f.s.DefaultListableBeanFactory     : Overriding bean definition for bean 'dataSource' with a different definition: replacing [Root bean: class [null]; scope=; abstract=false; lazyInit=false; autowireMode=3; dependencyCheck=0; autowireCandidate=true; primary=false; factoryBeanName=org.springframework.boot.autoconfigure.jdbc.DataSourceConfiguration$Hikari; factoryMethodName=dataSource; initMethodName=null; destroyMethodName=(inferred); defined in class path resource [org/springframework/boot/autoconfigure/jdbc/DataSourceConfiguration$Hikari.class]] with [Root bean: class [null]; scope=; abstract=false; lazyInit=false; autowireMode=3; dependencyCheck=0; autowireCandidate=true; primary=false; factoryBeanName=org.springframework.boot.autoconfigure.jdbc.DataSourceConfiguration$Tomcat; factoryMethodName=dataSource; initMethodName=null; destroyMethodName=(inferred); defined in class path resource [org/springframework/boot/autoconfigure/jdbc/DataSourceConfiguration$Tomcat.class]]
2017-07-28 10:34:30.639  INFO 8416 --- [restartedMain] s.b.c.e.t.TomcatEmbeddedServletContainer : Tomcat initialized with port(s): 8080 (http)
2017-07-28 10:34:30.661  INFO 8416 --- [restartedMain] o.apache.catalina.core.StandardService   : Starting service [Tomcat]
2017-07-28 10:34:30.662  INFO 8416 --- [restartedMain] org.apache.catalina.core.StandardEngine  : Starting Servlet Engine: Apache Tomcat/8.5.15
2017-07-28 10:34:30.928  INFO 8416 --- [localhost-startStop-1] o.a.c.c.C.[Tomcat].[localhost].[/]       : Initializing Spring embedded WebApplicationContext
2017-07-28 10:34:30.928  INFO 8416 --- [localhost-startStop-1] o.s.web.context.ContextLoader            : Root WebApplicationContext: initialization completed in 2728 ms
2017-07-28 10:34:32.327  INFO 8416 --- [localhost-startStop-1] o.s.b.w.servlet.FilterRegistrationBean   : Mapping filter: 'characterEncodingFilter' to: [/*]
2017-07-28 10:34:32.328  INFO 8416 --- [localhost-startStop-1] o.s.b.w.servlet.FilterRegistrationBean   : Mapping filter: 'hiddenHttpMethodFilter' to: [/*]
2017-07-28 10:34:32.328  INFO 8416 --- [localhost-startStop-1] o.s.b.w.servlet.FilterRegistrationBean   : Mapping filter: 'httpPutFormContentFilter' to: [/*]
2017-07-28 10:34:32.329  INFO 8416 --- [localhost-startStop-1] o.s.b.w.servlet.FilterRegistrationBean   : Mapping filter: 'requestContextFilter' to: [/*]
2017-07-28 10:34:32.330  INFO 8416 --- [localhost-startStop-1] .s.DelegatingFilterProxyRegistrationBean : Mapping filter: 'springSecurityFilterChain' to: [/*]
2017-07-28 10:34:32.330  INFO 8416 --- [localhost-startStop-1] o.s.b.w.servlet.FilterRegistrationBean   : Mapping filter: 'usernamePasswordAuthenticationFilter' to: [/*]
2017-07-28 10:34:32.330  INFO 8416 --- [localhost-startStop-1] o.s.b.w.servlet.ServletRegistrationBean  : Mapping servlet: 'dispatcherServlet' to [/]
2017-07-28 10:34:38.104  INFO 8416 --- [restartedMain] org.quartz.impl.StdSchedulerFactory      : Using default implementation for ThreadExecutor
2017-07-28 10:34:38.264  INFO 8416 --- [restartedMain] org.quartz.core.SchedulerSignalerImpl    : Initialized Scheduler Signaller of type: class org.quartz.core.SchedulerSignalerImpl
2017-07-28 10:34:38.265  INFO 8416 --- [restartedMain] org.quartz.core.QuartzScheduler          : Quartz Scheduler v.2.3.0 created.
2017-07-28 10:34:38.272  INFO 8416 --- [restartedMain] org.quartz.simpl.RAMJobStore             : RAMJobStore initialized.
2017-07-28 10:34:38.274  INFO 8416 --- [restartedMain] org.quartz.core.QuartzScheduler          : Scheduler meta-data: Quartz Scheduler (v2.3.0) 'schedulerFactory' with instanceId 'NON_CLUSTERED'
  Scheduler class: 'org.quartz.core.QuartzScheduler' - running locally.
  NOT STARTED.
  Currently in standby mode.
  Number of jobs executed: 0
  Using thread pool 'org.quartz.simpl.SimpleThreadPool' - with 10 threads.
  Using job-store 'org.quartz.simpl.RAMJobStore' - which does not support persistence. and is not clustered.

2017-07-28 10:34:38.275  INFO 8416 --- [restartedMain] org.quartz.impl.StdSchedulerFactory      : Quartz scheduler 'schedulerFactory' initialized from an externally provided properties instance.
2017-07-28 10:34:38.275  INFO 8416 --- [restartedMain] org.quartz.impl.StdSchedulerFactory      : Quartz scheduler version: 2.3.0
2017-07-28 10:34:38.279  INFO 8416 --- [restartedMain] org.quartz.core.QuartzScheduler          : JobFactory set to: org.springframework.scheduling.quartz.AdaptableJobFactory@106bb1a
2017-07-28 10:34:38.877  INFO 8416 --- [restartedMain] s.w.s.m.m.a.RequestMappingHandlerMapping : Mapped "{[/activityEdit]}" onto public java.lang.String com.yidatec.controller.ActivityController.activityEdit(org.springframework.ui.ModelMap,java.lang.String)
2017-07-28 10:34:38.878  INFO 8416 --- [restartedMain] s.w.s.m.m.a.RequestMappingHandlerMapping : Mapped "{[/findActivity]}" onto public java.lang.Object com.yidatec.controller.ActivityController.findActivity(com.yidatec.vo.ActivityVO) throws java.lang.Exception
2017-07-28 10:34:38.878  INFO 8416 --- [restartedMain] s.w.s.m.m.a.RequestMappingHandlerMapping : Mapped "{[/saveActivity]}" onto public java.lang.Object com.yidatec.controller.ActivityController.saveActivity(com.yidatec.model.Activity,org.springframework.validation.BindingResult) throws java.lang.Exception
2017-07-28 10:34:38.879  INFO 8416 --- [restartedMain] s.w.s.m.m.a.RequestMappingHandlerMapping : Mapped "{[/activityList]}" onto public java.lang.String com.yidatec.controller.ActivityController.activities(org.springframework.ui.ModelMap)
2017-07-28 10:34:38.879  INFO 8416 --- [restartedMain] s.w.s.m.m.a.RequestMappingHandlerMapping : Mapped "{[/audienceEdit]}" onto public java.lang.String com.yidatec.controller.AudienceController.audienceEdit(org.springframework.ui.ModelMap,java.lang.String)
2017-07-28 10:34:38.879  INFO 8416 --- [restartedMain] s.w.s.m.m.a.RequestMappingHandlerMapping : Mapped "{[/audienceList]}" onto public java.lang.String com.yidatec.controller.AudienceController.audienceList()
2017-07-28 10:34:38.880  INFO 8416 --- [restartedMain] s.w.s.m.m.a.RequestMappingHandlerMapping : Mapped "{[/availableSuppliersEdit]}" onto public java.lang.String com.yidatec.controller.AvailableSuppliersListController.availableSuppliersEdit(org.springframework.ui.ModelMap,java.lang.String)
2017-07-28 10:34:38.881  INFO 8416 --- [restartedMain] s.w.s.m.m.a.RequestMappingHandlerMapping : Mapped "{[/availableSuppliersList]}" onto public java.lang.String com.yidatec.controller.AvailableSuppliersListController.availableSuppliersList(org.springframework.ui.ModelMap)
2017-07-28 10:34:38.881  INFO 8416 --- [restartedMain] s.w.s.m.m.a.RequestMappingHandlerMapping : Mapped "{[/availableSuppliersIndex]}" onto public java.lang.String com.yidatec.controller.AvailableSuppliersListController.availableSuppliersIndex()
2017-07-28 10:34:38.882  INFO 8416 --- [restartedMain] s.w.s.m.m.a.RequestMappingHandlerMapping : Mapped "{[/saveAvailableSuppliers]}" onto public java.lang.Object com.yidatec.controller.AvailableSuppliersListController.saveAvailableSuppliers(com.yidatec.model.User,org.springframework.validation.BindingResult) throws java.lang.Exception
2017-07-28 10:34:38.883  INFO 8416 --- [restartedMain] s.w.s.m.m.a.RequestMappingHandlerMapping : Mapped "{[/findAvailableSuppliers]}" onto public java.lang.Object com.yidatec.controller.AvailableSuppliersListController.findAvailableSuppliers(com.yidatec.vo.UserVO) throws java.lang.Exception
2017-07-28 10:34:38.883  INFO 8416 --- [restartedMain] s.w.s.m.m.a.RequestMappingHandlerMapping : Mapped "{[/contractEdit]}" onto public java.lang.String com.yidatec.controller.ContractController.contractEdit(org.springframework.ui.ModelMap,java.lang.String)
2017-07-28 10:34:38.884  INFO 8416 --- [restartedMain] s.w.s.m.m.a.RequestMappingHandlerMapping : Mapped "{[/contractList]}" onto public java.lang.String com.yidatec.controller.ContractController.contractList()
2017-07-28 10:34:38.897  INFO 8416 --- [restartedMain] s.w.s.m.m.a.RequestMappingHandlerMapping : Mapped "{[/saveCustomer]}" onto public java.lang.Object com.yidatec.controller.CustomerController.saveCustomer(com.yidatec.vo.CustomerVO,org.springframework.validation.BindingResult) throws java.lang.Exception
2017-07-28 10:34:38.898  INFO 8416 --- [restartedMain] s.w.s.m.m.a.RequestMappingHandlerMapping : Mapped "{[/findCustomer]}" onto public java.lang.Object com.yidatec.controller.CustomerController.findCustomer(com.yidatec.vo.CustomerVO) throws java.lang.Exception
2017-07-28 10:34:38.898  INFO 8416 --- [restartedMain] s.w.s.m.m.a.RequestMappingHandlerMapping : Mapped "{[/customerList]}" onto public java.lang.String com.yidatec.controller.CustomerController.customerList(org.springframework.ui.ModelMap)
2017-07-28 10:34:38.899  INFO 8416 --- [restartedMain] s.w.s.m.m.a.RequestMappingHandlerMapping : Mapped "{[/customerEdit]}" onto public java.lang.String com.yidatec.controller.CustomerController.customerEdit(org.springframework.ui.ModelMap,java.lang.String)
2017-07-28 10:34:38.899  INFO 8416 --- [restartedMain] s.w.s.m.m.a.RequestMappingHandlerMapping : Mapped "{[/getContact]}" onto public java.lang.Object com.yidatec.controller.CustomerController.getContact(java.lang.String)
2017-07-28 10:34:38.899  INFO 8416 --- [restartedMain] s.w.s.m.m.a.RequestMappingHandlerMapping : Mapped "{[/designerEdit]}" onto public java.lang.String com.yidatec.controller.DesignerController.designerEdit(org.springframework.ui.ModelMap,java.lang.String)
2017-07-28 10:34:38.900  INFO 8416 --- [restartedMain] s.w.s.m.m.a.RequestMappingHandlerMapping : Mapped "{[/designerList]}" onto public java.lang.String com.yidatec.controller.DesignerController.designerList(org.springframework.ui.ModelMap)
2017-07-28 10:34:38.901  INFO 8416 --- [restartedMain] s.w.s.m.m.a.RequestMappingHandlerMapping : Mapped "{[/deleteDictionary]}" onto public java.lang.Object com.yidatec.controller.DictionaryController.deleteDictionary(java.lang.String) throws java.lang.Exception
2017-07-28 10:34:38.901  INFO 8416 --- [restartedMain] s.w.s.m.m.a.RequestMappingHandlerMapping : Mapped "{[/findDictionary]}" onto public java.lang.Object com.yidatec.controller.DictionaryController.findDictionary(com.yidatec.vo.DictionaryVO) throws java.lang.Exception
2017-07-28 10:34:38.902  INFO 8416 --- [restartedMain] s.w.s.m.m.a.RequestMappingHandlerMapping : Mapped "{[/dictionaryEdit]}" onto public java.lang.String com.yidatec.controller.DictionaryController.dictionaryEdit(org.springframework.ui.ModelMap,java.lang.String)
2017-07-28 10:34:38.902  INFO 8416 --- [restartedMain] s.w.s.m.m.a.RequestMappingHandlerMapping : Mapped "{[/dictionaryList]}" onto public java.lang.String com.yidatec.controller.DictionaryController.dictionaryList(org.springframework.ui.ModelMap)
2017-07-28 10:34:38.902  INFO 8416 --- [restartedMain] s.w.s.m.m.a.RequestMappingHandlerMapping : Mapped "{[/saveDictionary]}" onto public java.lang.Object com.yidatec.controller.DictionaryController.saveDictionary(com.yidatec.model.Dictionary,org.springframework.validation.BindingResult) throws java.lang.Exception
2017-07-28 10:34:38.903  INFO 8416 --- [restartedMain] s.w.s.m.m.a.RequestMappingHandlerMapping : Mapped "{[/exhibitionEdit]}" onto public java.lang.String com.yidatec.controller.ExhibitionController.exhibitionEdit(org.springframework.ui.ModelMap,java.lang.String)
2017-07-28 10:34:38.904  INFO 8416 --- [restartedMain] s.w.s.m.m.a.RequestMappingHandlerMapping : Mapped "{[/exhibitionList]}" onto public java.lang.String com.yidatec.controller.ExhibitionController.exhibitionList()
2017-07-28 10:34:38.905  INFO 8416 --- [restartedMain] s.w.s.m.m.a.RequestMappingHandlerMapping : Mapped "{[/saveFactory]}" onto public java.lang.Object com.yidatec.controller.FactoryController.saveFactory(com.yidatec.vo.FactoryVO,org.springframework.validation.BindingResult) throws java.lang.Exception
2017-07-28 10:34:38.905  INFO 8416 --- [restartedMain] s.w.s.m.m.a.RequestMappingHandlerMapping : Mapped "{[/factoryList]}" onto public java.lang.String com.yidatec.controller.FactoryController.factoryList(org.springframework.ui.ModelMap)
2017-07-28 10:34:38.905  INFO 8416 --- [restartedMain] s.w.s.m.m.a.RequestMappingHandlerMapping : Mapped "{[/factoryEdit]}" onto public java.lang.String com.yidatec.controller.FactoryController.factoryEdit(org.springframework.ui.ModelMap,java.lang.String)
2017-07-28 10:34:38.906  INFO 8416 --- [restartedMain] s.w.s.m.m.a.RequestMappingHandlerMapping : Mapped "{[/saveParam]}" onto public java.lang.Object com.yidatec.controller.ParamController.saveParam(com.yidatec.model.Param)
2017-07-28 10:34:38.909  INFO 8416 --- [restartedMain] s.w.s.m.m.a.RequestMappingHandlerMapping : Mapped "{[/paramSelectInit]}" onto public java.lang.Object com.yidatec.controller.ParamController.paramSelectInit(org.springframework.ui.ModelMap)
2017-07-28 10:34:38.909  INFO 8416 --- [restartedMain] s.w.s.m.m.a.RequestMappingHandlerMapping : Mapped "{[/paramList]}" onto public java.lang.String com.yidatec.controller.ParamController.paramList(org.springframework.ui.ModelMap)
2017-07-28 10:34:38.910  INFO 8416 --- [restartedMain] s.w.s.m.m.a.RequestMappingHandlerMapping : Mapped "{[/productInfoEdit]}" onto public java.lang.String com.yidatec.controller.ProductInfoController.productInfoEdit(org.springframework.ui.ModelMap,java.lang.String)
2017-07-28 10:34:38.911  INFO 8416 --- [restartedMain] s.w.s.m.m.a.RequestMappingHandlerMapping : Mapped "{[/saveProductInfo]}" onto public java.lang.Object com.yidatec.controller.ProductInfoController.saveproductInfo(com.yidatec.model.User,org.springframework.validation.BindingResult) throws java.lang.Exception
2017-07-28 10:34:38.911  INFO 8416 --- [restartedMain] s.w.s.m.m.a.RequestMappingHandlerMapping : Mapped "{[/productInfoList]}" onto public java.lang.String com.yidatec.controller.ProductInfoController.productInfoList(org.springframework.ui.ModelMap)
2017-07-28 10:34:38.913  INFO 8416 --- [restartedMain] s.w.s.m.m.a.RequestMappingHandlerMapping : Mapped "{[/findProductInfo]}" onto public java.lang.Object com.yidatec.controller.ProductInfoController.findproductInfo(com.yidatec.vo.UserVO) throws java.lang.Exception
2017-07-28 10:34:38.914  INFO 8416 --- [restartedMain] s.w.s.m.m.a.RequestMappingHandlerMapping : Mapped "{[/saveProject]}" onto public java.lang.Object com.yidatec.controller.ProjectController.saveProject(com.yidatec.model.User,org.springframework.validation.BindingResult) throws java.lang.Exception
2017-07-28 10:34:38.914  INFO 8416 --- [restartedMain] s.w.s.m.m.a.RequestMappingHandlerMapping : Mapped "{[/findProject]}" onto public java.lang.Object com.yidatec.controller.ProjectController.findProject(com.yidatec.vo.UserVO) throws java.lang.Exception
2017-07-28 10:34:38.915  INFO 8416 --- [restartedMain] s.w.s.m.m.a.RequestMappingHandlerMapping : Mapped "{[/projectEdit]}" onto public java.lang.String com.yidatec.controller.ProjectController.projectEdit(org.springframework.ui.ModelMap,java.lang.String)
2017-07-28 10:34:38.916  INFO 8416 --- [restartedMain] s.w.s.m.m.a.RequestMappingHandlerMapping : Mapped "{[/projectList]}" onto public java.lang.String com.yidatec.controller.ProjectController.projectList(org.springframework.ui.ModelMap)
2017-07-28 10:34:38.917  INFO 8416 --- [restartedMain] s.w.s.m.m.a.RequestMappingHandlerMapping : Mapped "{[/projectManagerEdit]}" onto public java.lang.String com.yidatec.controller.ProjectManagerController.projectManagerEdit(org.springframework.ui.ModelMap,java.lang.String)
2017-07-28 10:34:38.917  INFO 8416 --- [restartedMain] s.w.s.m.m.a.RequestMappingHandlerMapping : Mapped "{[/saveProjectManager]}" onto public java.lang.Object com.yidatec.controller.ProjectManagerController.saveProjectManager(com.yidatec.model.User,org.springframework.validation.BindingResult) throws java.lang.Exception
2017-07-28 10:34:38.918  INFO 8416 --- [restartedMain] s.w.s.m.m.a.RequestMappingHandlerMapping : Mapped "{[/projectManagerList]}" onto public java.lang.String com.yidatec.controller.ProjectManagerController.projectManagerList(org.springframework.ui.ModelMap)
2017-07-28 10:34:38.918  INFO 8416 --- [restartedMain] s.w.s.m.m.a.RequestMappingHandlerMapping : Mapped "{[/findProjectManager]}" onto public java.lang.Object com.yidatec.controller.ProjectManagerController.findProjectManager(com.yidatec.vo.UserVO) throws java.lang.Exception
2017-07-28 10:34:38.919  INFO 8416 --- [restartedMain] s.w.s.m.m.a.RequestMappingHandlerMapping : Mapped "{[/quotationList]}" onto public java.lang.String com.yidatec.controller.QuotationController.quotationList()
2017-07-28 10:34:38.920  INFO 8416 --- [restartedMain] s.w.s.m.m.a.RequestMappingHandlerMapping : Mapped "{[/quotationEdit]}" onto public java.lang.String com.yidatec.controller.QuotationController.quotationEdit(org.springframework.ui.ModelMap,java.lang.String)
2017-07-28 10:34:38.920  INFO 8416 --- [restartedMain] s.w.s.m.m.a.RequestMappingHandlerMapping : Mapped "{[/saleList]}" onto public java.lang.String com.yidatec.controller.SalesController.saleList(org.springframework.ui.ModelMap)
2017-07-28 10:34:38.921  INFO 8416 --- [restartedMain] s.w.s.m.m.a.RequestMappingHandlerMapping : Mapped "{[/saleEdit]}" onto public java.lang.String com.yidatec.controller.SalesController.saleEdit(org.springframework.ui.ModelMap,java.lang.String)
2017-07-28 10:34:38.921  INFO 8416 --- [restartedMain] s.w.s.m.m.a.RequestMappingHandlerMapping : Mapped "{[/saveSale]}" onto public java.lang.Object com.yidatec.controller.SalesController.saveSale(com.yidatec.model.User,org.springframework.validation.BindingResult) throws java.lang.Exception
2017-07-28 10:34:38.922  INFO 8416 --- [restartedMain] s.w.s.m.m.a.RequestMappingHandlerMapping : Mapped "{[/findSale]}" onto public java.lang.Object com.yidatec.controller.SalesController.findsale(com.yidatec.vo.UserVO) throws java.lang.Exception
2017-07-28 10:34:38.924  INFO 8416 --- [restartedMain] s.w.s.m.m.a.RequestMappingHandlerMapping : Mapped "{[/index]}" onto public java.lang.String com.yidatec.controller.SecurityController.index(org.springframework.ui.ModelMap)
2017-07-28 10:34:38.925  INFO 8416 --- [restartedMain] s.w.s.m.m.a.RequestMappingHandlerMapping : Mapped "{[/userList]}" onto public java.lang.String com.yidatec.controller.SecurityController.userList(org.springframework.ui.ModelMap)
2017-07-28 10:34:38.926  INFO 8416 --- [restartedMain] s.w.s.m.m.a.RequestMappingHandlerMapping : Mapped "{[/findPermissionTreeByRoleId]}" onto public java.lang.Object com.yidatec.controller.SecurityController.loadTreeById(java.lang.String)
2017-07-28 10:34:38.927  INFO 8416 --- [restartedMain] s.w.s.m.m.a.RequestMappingHandlerMapping : Mapped "{[/roleList]}" onto public java.lang.String com.yidatec.controller.SecurityController.roleList(org.springframework.ui.ModelMap)
2017-07-28 10:34:38.927  INFO 8416 --- [restartedMain] s.w.s.m.m.a.RequestMappingHandlerMapping : Mapped "{[/skin-config]}" onto public java.lang.String com.yidatec.controller.SecurityController.skin(org.springframework.ui.ModelMap)
2017-07-28 10:34:38.927  INFO 8416 --- [restartedMain] s.w.s.m.m.a.RequestMappingHandlerMapping : Mapped "{[/login]}" onto public java.lang.String com.yidatec.controller.SecurityController.login(org.springframework.ui.ModelMap)
2017-07-28 10:34:38.928  INFO 8416 --- [restartedMain] s.w.s.m.m.a.RequestMappingHandlerMapping : Mapped "{[/]}" onto public java.lang.String com.yidatec.controller.SecurityController.login()
2017-07-28 10:34:38.928  INFO 8416 --- [restartedMain] s.w.s.m.m.a.RequestMappingHandlerMapping : Mapped "{[/saveUser]}" onto public java.lang.Object com.yidatec.controller.SecurityController.saveUser(com.yidatec.model.User,org.springframework.validation.BindingResult) throws java.lang.Exception
2017-07-28 10:34:38.928  INFO 8416 --- [restartedMain] s.w.s.m.m.a.RequestMappingHandlerMapping : Mapped "{[/findUser]}" onto public java.lang.Object com.yidatec.controller.SecurityController.findUser(com.yidatec.vo.UserVO) throws java.lang.Exception
2017-07-28 10:34:38.929  INFO 8416 --- [restartedMain] s.w.s.m.m.a.RequestMappingHandlerMapping : Mapped "{[/findRole]}" onto public java.lang.Object com.yidatec.controller.SecurityController.findRole() throws java.lang.Exception
2017-07-28 10:34:38.929  INFO 8416 --- [restartedMain] s.w.s.m.m.a.RequestMappingHandlerMapping : Mapped "{[/roleEdit]}" onto public java.lang.String com.yidatec.controller.SecurityController.roleEdit(org.springframework.ui.ModelMap,java.lang.String)
2017-07-28 10:34:38.929  INFO 8416 --- [restartedMain] s.w.s.m.m.a.RequestMappingHandlerMapping : Mapped "{[/saveRole]}" onto public java.lang.Object com.yidatec.controller.SecurityController.saveRole(com.yidatec.vo.RoleVO,org.springframework.validation.BindingResult) throws java.lang.Exception
2017-07-28 10:34:38.929  INFO 8416 --- [restartedMain] s.w.s.m.m.a.RequestMappingHandlerMapping : Mapped "{[/userEdit]}" onto public java.lang.String com.yidatec.controller.SecurityController.userEdit(org.springframework.ui.ModelMap,java.lang.String)
2017-07-28 10:34:38.930  INFO 8416 --- [restartedMain] s.w.s.m.m.a.RequestMappingHandlerMapping : Mapped "{[/updateUserIngoreRole]}" onto public java.lang.Object com.yidatec.controller.SecurityController.updateUserIngoreRole(com.yidatec.model.User,org.springframework.validation.BindingResult) throws java.lang.Exception
2017-07-28 10:34:38.933  INFO 8416 --- [restartedMain] s.w.s.m.m.a.RequestMappingHandlerMapping : Mapped "{[/validateUserName]}" onto public java.lang.String com.yidatec.controller.ValidateController.validateName(java.lang.String)
2017-07-28 10:34:38.933  INFO 8416 --- [restartedMain] s.w.s.m.m.a.RequestMappingHandlerMapping : Mapped "{[/validateValue]}" onto public java.lang.String com.yidatec.controller.ValidateController.validateValue(java.lang.String)
2017-07-28 10:34:38.934  INFO 8416 --- [restartedMain] s.w.s.m.m.a.RequestMappingHandlerMapping : Mapped "{[/validatePassword]}" onto public java.lang.String com.yidatec.controller.ValidateController.validatePassword(java.lang.String)
2017-07-28 10:34:38.934  INFO 8416 --- [restartedMain] s.w.s.m.m.a.RequestMappingHandlerMapping : Mapped "{[/validateInteger]}" onto public java.lang.String com.yidatec.controller.ValidateController.validateInteger(java.lang.String)
2017-07-28 10:34:38.934  INFO 8416 --- [restartedMain] s.w.s.m.m.a.RequestMappingHandlerMapping : Mapped "{[/validateFloat]}" onto public java.lang.String com.yidatec.controller.ValidateController.validateFloat(java.lang.String)
2017-07-28 10:34:38.935  INFO 8416 --- [restartedMain] s.w.s.m.m.a.RequestMappingHandlerMapping : Mapped "{[/validateChannel]}" onto public java.lang.String com.yidatec.controller.ValidateController.validateChannel(java.lang.String)
2017-07-28 10:34:38.935  INFO 8416 --- [restartedMain] s.w.s.m.m.a.RequestMappingHandlerMapping : Mapped "{[/validateNature]}" onto public java.lang.String com.yidatec.controller.ValidateController.validateNature(java.lang.String)
2017-07-28 10:34:38.936  INFO 8416 --- [restartedMain] s.w.s.m.m.a.RequestMappingHandlerMapping : Mapped "{[/validateProvince]}" onto public java.lang.String com.yidatec.controller.ValidateController.validateProvince(java.lang.String)
2017-07-28 10:34:38.936  INFO 8416 --- [restartedMain] s.w.s.m.m.a.RequestMappingHandlerMapping : Mapped "{[/validateIndustry]}" onto public java.lang.String com.yidatec.controller.ValidateController.validateIndustry(java.lang.String)
2017-07-28 10:34:38.936  INFO 8416 --- [restartedMain] s.w.s.m.m.a.RequestMappingHandlerMapping : Mapped "{[/validateReferrer]}" onto public java.lang.String com.yidatec.controller.ValidateController.validateReferrer(java.lang.String)
2017-07-28 10:34:38.937  INFO 8416 --- [restartedMain] s.w.s.m.m.a.RequestMappingHandlerMapping : Mapped "{[/validateSort]}" onto public java.lang.String com.yidatec.controller.ValidateController.validateSort(java.lang.String)
2017-07-28 10:34:38.937  INFO 8416 --- [restartedMain] s.w.s.m.m.a.RequestMappingHandlerMapping : Mapped "{[/validateCountry]}" onto public java.lang.String com.yidatec.controller.ValidateController.validateCountry(java.lang.String)
2017-07-28 10:34:38.938  INFO 8416 --- [restartedMain] s.w.s.m.m.a.RequestMappingHandlerMapping : Mapped "{[/validateEmail]}" onto public java.lang.String com.yidatec.controller.ValidateController.validateEmail(java.lang.String)
2017-07-28 10:34:38.938  INFO 8416 --- [restartedMain] s.w.s.m.m.a.RequestMappingHandlerMapping : Mapped "{[/validateCode]}" onto public java.lang.String com.yidatec.controller.ValidateController.validateCode(java.lang.String)
2017-07-28 10:34:38.939  INFO 8416 --- [restartedMain] s.w.s.m.m.a.RequestMappingHandlerMapping : Mapped "{[/validateCity]}" onto public java.lang.String com.yidatec.controller.ValidateController.validateCity(java.lang.String)
2017-07-28 10:34:38.939  INFO 8416 --- [restartedMain] s.w.s.m.m.a.RequestMappingHandlerMapping : Mapped "{[/validateAddress]}" onto public java.lang.String com.yidatec.controller.ValidateController.validateAddress(java.lang.String)
2017-07-28 10:34:38.939  INFO 8416 --- [restartedMain] s.w.s.m.m.a.RequestMappingHandlerMapping : Mapped "{[/validatePrevious]}" onto public java.lang.String com.yidatec.controller.ValidateController.validatePrevious(java.lang.String)
2017-07-28 10:34:38.939  INFO 8416 --- [restartedMain] s.w.s.m.m.a.RequestMappingHandlerMapping : Mapped "{[/validateRegion]}" onto public java.lang.String com.yidatec.controller.ValidateController.validateRegion(java.lang.String)
2017-07-28 10:34:38.940  INFO 8416 --- [restartedMain] s.w.s.m.m.a.RequestMappingHandlerMapping : Mapped "{[/validateRoleName]}" onto public java.lang.String com.yidatec.controller.ValidateController.validateRoleName(java.lang.String,boolean)
2017-07-28 10:34:38.940  INFO 8416 --- [restartedMain] s.w.s.m.m.a.RequestMappingHandlerMapping : Mapped "{[/validateLevel]}" onto public java.lang.String com.yidatec.controller.ValidateController.validateLevel(java.lang.String)
2017-07-28 10:34:38.941  INFO 8416 --- [restartedMain] s.w.s.m.m.a.RequestMappingHandlerMapping : Mapped "{[/validateGoodAtArea]}" onto public java.lang.String com.yidatec.controller.ValidateController.validateGoodAtArea(java.lang.String)
2017-07-28 10:34:38.942  INFO 8416 --- [restartedMain] s.w.s.m.m.a.RequestMappingHandlerMapping : Mapped "{[/validateGoodAtIndustry]}" onto public java.lang.String com.yidatec.controller.ValidateController.validateGoodAtIndustry(java.lang.String)
2017-07-28 10:34:38.943  INFO 8416 --- [restartedMain] s.w.s.m.m.a.RequestMappingHandlerMapping : Mapped "{[/validateMobile]}" onto public java.lang.String com.yidatec.controller.ValidateController.validateMobilePhone(java.lang.String,boolean)
2017-07-28 10:34:38.944  INFO 8416 --- [restartedMain] s.w.s.m.m.a.RequestMappingHandlerMapping : Mapped "{[/validateDescription]}" onto public java.lang.String com.yidatec.controller.ValidateController.validateDescription(java.lang.String)
2017-07-28 10:34:38.944  INFO 8416 --- [restartedMain] s.w.s.m.m.a.RequestMappingHandlerMapping : Mapped "{[/validateCompanyName]}" onto public java.lang.String com.yidatec.controller.ValidateController.validateCompanyName(java.lang.String)
2017-07-28 10:34:38.945  INFO 8416 --- [restartedMain] s.w.s.m.m.a.RequestMappingHandlerMapping : Mapped "{[/validateEnglishAbility]}" onto public java.lang.String com.yidatec.controller.ValidateController.validateEnglishAbility(java.lang.String)
2017-07-28 10:34:38.945  INFO 8416 --- [restartedMain] s.w.s.m.m.a.RequestMappingHandlerMapping : Mapped "{[/validateExperience]}" onto public java.lang.String com.yidatec.controller.ValidateController.validateExperience(java.lang.String)
2017-07-28 10:34:38.947  INFO 8416 --- [restartedMain] s.w.s.m.m.a.RequestMappingHandlerMapping : Mapped "{[/getUserByRoleId]}" onto public java.lang.Object com.yidatec.controller.VendorAppointmentController.getUserByRoleId(java.lang.String)
2017-07-28 10:34:38.948  INFO 8416 --- [restartedMain] s.w.s.m.m.a.RequestMappingHandlerMapping : Mapped "{[/findVendorAppointment]}" onto public java.util.List<com.yidatec.model.VendorAppointment> com.yidatec.controller.VendorAppointmentController.findVendorAppointment(com.yidatec.vo.VendorAppointmentVO) throws java.lang.Exception
2017-07-28 10:34:38.948  INFO 8416 --- [restartedMain] s.w.s.m.m.a.RequestMappingHandlerMapping : Mapped "{[/deleteVendorAppointment]}" onto public java.lang.Object com.yidatec.controller.VendorAppointmentController.deleteVendorAppointment(java.lang.String) throws java.lang.Exception
2017-07-28 10:34:38.949  INFO 8416 --- [restartedMain] s.w.s.m.m.a.RequestMappingHandlerMapping : Mapped "{[/vendorAppointmentList]}" onto public java.lang.String com.yidatec.controller.VendorAppointmentController.vendorAppointmentList(org.springframework.ui.ModelMap)
2017-07-28 10:34:38.949  INFO 8416 --- [restartedMain] s.w.s.m.m.a.RequestMappingHandlerMapping : Mapped "{[/saveVendorAppointment]}" onto public java.lang.Object com.yidatec.controller.VendorAppointmentController.saveVendorAppointment(com.yidatec.model.VendorAppointment,org.springframework.validation.BindingResult) throws java.lang.Exception
2017-07-28 10:34:38.959  INFO 8416 --- [restartedMain] s.w.s.m.m.a.RequestMappingHandlerMapping : Mapped "{[/error]}" onto public org.springframework.http.ResponseEntity<java.util.Map<java.lang.String, java.lang.Object>> org.springframework.boot.autoconfigure.web.BasicErrorController.error(javax.servlet.http.HttpServletRequest)
2017-07-28 10:34:38.960  INFO 8416 --- [restartedMain] s.w.s.m.m.a.RequestMappingHandlerMapping : Mapped "{[/error],produces=[text/html]}" onto public org.springframework.web.servlet.ModelAndView org.springframework.boot.autoconfigure.web.BasicErrorController.errorHtml(javax.servlet.http.HttpServletRequest,javax.servlet.http.HttpServletResponse)
2017-07-28 10:34:39.078  INFO 8416 --- [restartedMain] o.s.w.s.handler.SimpleUrlHandlerMapping  : Mapped URL path [/webjars/**] onto handler of type [class org.springframework.web.servlet.resource.ResourceHttpRequestHandler]
2017-07-28 10:34:39.078  INFO 8416 --- [restartedMain] o.s.w.s.handler.SimpleUrlHandlerMapping  : Mapped URL path [/**] onto handler of type [class org.springframework.web.servlet.resource.ResourceHttpRequestHandler]
2017-07-28 10:34:39.248  INFO 8416 --- [restartedMain] o.s.w.s.handler.SimpleUrlHandlerMapping  : Mapped URL path [/**/favicon.ico] onto handler of type [class org.springframework.web.servlet.resource.ResourceHttpRequestHandler]
2017-07-28 10:34:39.317  INFO 8416 --- [restartedMain] o.s.s.web.DefaultSecurityFilterChain     : Creating filter chain: Ant [pattern='/inspinia_admin/**'], []
2017-07-28 10:34:39.318  INFO 8416 --- [restartedMain] o.s.s.web.DefaultSecurityFilterChain     : Creating filter chain: Ant [pattern='/**/*.js'], []
2017-07-28 10:34:39.318  INFO 8416 --- [restartedMain] o.s.s.web.DefaultSecurityFilterChain     : Creating filter chain: Ant [pattern='/**/favicon.ico'], []
2017-07-28 10:34:39.318  INFO 8416 --- [restartedMain] o.s.s.web.DefaultSecurityFilterChain     : Creating filter chain: Ant [pattern='/img/**'], []
2017-07-28 10:34:39.444  INFO 8416 --- [restartedMain] o.s.s.web.DefaultSecurityFilterChain     : Creating filter chain: org.springframework.security.web.util.matcher.AnyRequestMatcher@1, [org.springframework.security.web.context.request.async.WebAsyncManagerIntegrationFilter@13b82eb, org.springframework.security.web.context.SecurityContextPersistenceFilter@32047f, org.springframework.security.web.header.HeaderWriterFilter@2ad423, org.springframework.security.web.authentication.logout.LogoutFilter@1d5f6ba, org.springframework.security.web.authentication.UsernamePasswordAuthenticationFilter@18ee3c3, org.springframework.security.web.savedrequest.RequestCacheAwareFilter@99bdee, org.springframework.security.web.servletapi.SecurityContextHolderAwareRequestFilter@1b8e530, org.springframework.security.web.authentication.AnonymousAuthenticationFilter@b7bd86, org.springframework.security.web.session.SessionManagementFilter@1042b0, org.springframework.security.web.access.ExceptionTranslationFilter@831d1a, org.springframework.security.web.access.intercept.FilterSecurityInterceptor@1351351]
2017-07-28 10:34:39.965  INFO 8416 --- [restartedMain] s.w.s.m.m.a.RequestMappingHandlerAdapter : Looking for @ControllerAdvice: org.springframework.boot.context.embedded.AnnotationConfigEmbeddedWebApplicationContext@7cb4d3: startup date [Fri Jul 28 10:34:28 CST 2017]; root of context hierarchy
2017-07-28 10:34:40.058  INFO 8416 --- [restartedMain] .m.m.a.ExceptionHandlerExceptionResolver : Detected @ExceptionHandler methods in globalExceptionHandler
2017-07-28 10:34:41.008  INFO 8416 --- [restartedMain] o.s.b.d.a.OptionalLiveReloadServer       : LiveReload server is running on port 35729
2017-07-28 10:34:41.176  INFO 8416 --- [restartedMain] o.s.j.e.a.AnnotationMBeanExporter        : Registering beans for JMX exposure on startup
2017-07-28 10:34:41.186  INFO 8416 --- [restartedMain] o.s.c.support.DefaultLifecycleProcessor  : Starting beans in phase 2147483647
2017-07-28 10:34:41.187  INFO 8416 --- [restartedMain] o.s.s.quartz.SchedulerFactoryBean        : Starting Quartz Scheduler now
2017-07-28 10:34:41.187  INFO 8416 --- [restartedMain] org.quartz.core.QuartzScheduler          : Scheduler schedulerFactory_$_NON_CLUSTERED started.
2017-07-28 10:34:41.299  INFO 8416 --- [restartedMain] s.b.c.e.t.TomcatEmbeddedServletContainer : Tomcat started on port(s): 8080 (http)
2017-07-28 10:34:41.305  INFO 8416 --- [restartedMain] com.yidatec.CrmApplication               : Started CrmApplication in 14.058 seconds (JVM running for 16.416)
